<?xml version="1.0" encoding="UTF-8"?>
<testng-results ignored="0" total="1" passed="1" failed="0" skipped="0">
  <reporter-output>
  </reporter-output>
  <suite started-at="2025-07-22T19:25:31 GMT+06:00" name="Default suite" finished-at="2025-07-22T19:25:35 GMT+06:00" duration-ms="4464">
    <groups>
    </groups>
    <test started-at="2025-07-22T19:25:31 GMT+06:00" name="Default test" finished-at="2025-07-22T19:25:35 GMT+06:00" duration-ms="4464">
      <class name="test.LoginTest">
        <test-method is-config="true" signature="setup()[pri:0, instance:test.LoginTest@12468a38]" started-at="2025-07-22T19:25:31 GMT+06:00" name="setup" finished-at="2025-07-22T19:25:34 GMT+06:00" duration-ms="3860" status="PASS">
          <reporter-output>
          </reporter-output>
        </test-method> <!-- setup -->
        <test-method signature="testLogin()[pri:0, instance:test.LoginTest@12468a38]" started-at="2025-07-22T19:25:34 GMT+06:00" name="testLogin" finished-at="2025-07-22T19:25:35 GMT+06:00" duration-ms="489" status="PASS">
          <reporter-output>
          </reporter-output>
        </test-method> <!-- testLogin -->
        <test-method is-config="true" signature="tearDown()[pri:0, instance:test.LoginTest@12468a38]" started-at="2025-07-22T19:25:35 GMT+06:00" name="tearDown" finished-at="2025-07-22T19:25:35 GMT+06:00" duration-ms="85" status="PASS">
          <reporter-output>
          </reporter-output>
        </test-method> <!-- tearDown -->
      </class> <!-- test.LoginTest -->
    </test> <!-- Default test -->
  </suite> <!-- Default suite -->
</testng-results>
